<?xml version="1.0" encoding="UTF-8"?>
<!-- Generated by org.testng.reporters.JUnitReportReporter -->
<testsuite hostname="user-PC" failures="0" tests="1" name="Myproject.E2E.validateNavigationBar" time="0.338" errors="0" timestamp="2020-08-01T10:41:24 IST" skipped="0">
  <testcase classname="Myproject.E2E.validateNavigationBar" name="validations" time="0.338"/>
  <system-out/>
</testsuite> <!-- Myproject.E2E.validateNavigationBar -->
