<?xml version="1.0" encoding="UTF-8"?>
<!-- Generated by org.testng.reporters.JUnitReportReporter -->
<testsuite hostname="user-PC" failures="0" tests="1" name="Myproject.E2E.ValidateNavigationBarTest" time="62.026" errors="0" timestamp="2020-08-10T21:50:05 IST" skipped="0">
  <testcase classname="Myproject.E2E.ValidateNavigationBarTest" name="validations" time="62.026"/>
  <system-out/>
</testsuite> <!-- Myproject.E2E.ValidateNavigationBarTest -->
